{"total": {"lines":{"total":161,"covered":118,"skipped":0,"pct":73.29},"statements":{"total":164,"covered":121,"skipped":0,"pct":73.78},"functions":{"total":35,"covered":23,"skipped":0,"pct":65.71},"branches":{"total":122,"covered":75,"skipped":0,"pct":61.47},"branchesTrue":{"total":0,"covered":0,"skipped":0,"pct":100}}
,"/home/runner/work/react-codemirror/react-codemirror/core/src/getDefaultExtensions.ts": {"lines":{"total":24,"covered":19,"skipped":0,"pct":79.16},"functions":{"total":1,"covered":1,"skipped":0,"pct":100},"statements":{"total":24,"covered":19,"skipped":0,"pct":79.16},"branches":{"total":23,"covered":10,"skipped":0,"pct":43.47}}
,"/home/runner/work/react-codemirror/react-codemirror/core/src/index.tsx": {"lines":{"total":13,"covered":12,"skipped":0,"pct":92.3},"functions":{"total":3,"covered":3,"skipped":0,"pct":100},"statements":{"total":14,"covered":13,"skipped":0,"pct":92.85},"branches":{"total":9,"covered":7,"skipped":0,"pct":77.77}}
,"/home/runner/work/react-codemirror/react-codemirror/core/src/timeoutLatch.ts": {"lines":{"total":45,"covered":20,"skipped":0,"pct":44.44},"functions":{"total":13,"covered":5,"skipped":0,"pct":38.46},"statements":{"total":45,"covered":20,"skipped":0,"pct":44.44},"branches":{"total":20,"covered":3,"skipped":0,"pct":15}}
,"/home/runner/work/react-codemirror/react-codemirror/core/src/useCodeMirror.ts": {"lines":{"total":74,"covered":65,"skipped":0,"pct":87.83},"functions":{"total":15,"covered":14,"skipped":0,"pct":93.33},"statements":{"total":76,"covered":67,"skipped":0,"pct":88.15},"branches":{"total":70,"covered":55,"skipped":0,"pct":78.57}}
,"/home/runner/work/react-codemirror/react-codemirror/core/src/utils.ts": {"lines":{"total":4,"covered":1,"skipped":0,"pct":25},"functions":{"total":3,"covered":0,"skipped":0,"pct":0},"statements":{"total":4,"covered":1,"skipped":0,"pct":25},"branches":{"total":0,"covered":0,"skipped":0,"pct":100}}
,"/home/runner/work/react-codemirror/react-codemirror/core/src/theme/light.ts": {"lines":{"total":1,"covered":1,"skipped":0,"pct":100},"functions":{"total":0,"covered":0,"skipped":0,"pct":100},"statements":{"total":1,"covered":1,"skipped":0,"pct":100},"branches":{"total":0,"covered":0,"skipped":0,"pct":100}}
}
