{"total": {"lines":{"total":95,"covered":84,"skipped":0,"pct":88.42},"statements":{"total":96,"covered":85,"skipped":0,"pct":88.54},"functions":{"total":18,"covered":15,"skipped":0,"pct":83.33},"branches":{"total":88,"covered":64,"skipped":0,"pct":72.72},"branchesTrue":{"total":0,"covered":0,"skipped":0,"pct":100}}
,"/home/runner/work/react-codemirror/react-codemirror/core/src/getDefaultExtensions.ts": {"lines":{"total":24,"covered":19,"skipped":0,"pct":79.16},"functions":{"total":1,"covered":1,"skipped":0,"pct":100},"statements":{"total":24,"covered":19,"skipped":0,"pct":79.16},"branches":{"total":23,"covered":10,"skipped":0,"pct":43.47}}
,"/home/runner/work/react-codemirror/react-codemirror/core/src/index.tsx": {"lines":{"total":13,"covered":12,"skipped":0,"pct":92.3},"functions":{"total":3,"covered":3,"skipped":0,"pct":100},"statements":{"total":14,"covered":13,"skipped":0,"pct":92.85},"branches":{"total":9,"covered":7,"skipped":0,"pct":77.77}}
,"/home/runner/work/react-codemirror/react-codemirror/core/src/useCodeMirror.ts": {"lines":{"total":53,"covered":51,"skipped":0,"pct":96.22},"functions":{"total":11,"covered":11,"skipped":0,"pct":100},"statements":{"total":53,"covered":51,"skipped":0,"pct":96.22},"branches":{"total":56,"covered":47,"skipped":0,"pct":83.92}}
,"/home/runner/work/react-codemirror/react-codemirror/core/src/utils.ts": {"lines":{"total":4,"covered":1,"skipped":0,"pct":25},"functions":{"total":3,"covered":0,"skipped":0,"pct":0},"statements":{"total":4,"covered":1,"skipped":0,"pct":25},"branches":{"total":0,"covered":0,"skipped":0,"pct":100}}
,"/home/runner/work/react-codemirror/react-codemirror/core/src/theme/light.ts": {"lines":{"total":1,"covered":1,"skipped":0,"pct":100},"functions":{"total":0,"covered":0,"skipped":0,"pct":100},"statements":{"total":1,"covered":1,"skipped":0,"pct":100},"branches":{"total":0,"covered":0,"skipped":0,"pct":100}}
}
