TN:
SF:src/getDefaultExtensions.ts
FN:21,(anonymous_0)
FNF:1
FNH:1
FNDA:25,(anonymous_0)
DA:21,1
DA:29,25
DA:30,25
DA:31,25
DA:32,25
DA:34,25
DA:35,25
DA:36,25
DA:38,0
DA:41,25
DA:42,3
DA:44,25
DA:46,23
DA:47,23
DA:49,2
DA:50,2
DA:52,0
DA:54,0
DA:55,0
DA:57,25
DA:58,3
DA:60,25
DA:61,0
DA:64,25
LF:24
LH:19
BRDA:21,0,0,0
BRDA:23,1,0,0
BRDA:24,2,0,0
BRDA:25,3,0,0
BRDA:26,4,0,0
BRDA:27,5,0,0
BRDA:28,6,0,0
BRDA:31,7,0,25
BRDA:31,7,1,0
BRDA:34,8,0,25
BRDA:34,8,1,0
BRDA:35,9,0,25
BRDA:35,9,1,0
BRDA:41,10,0,3
BRDA:41,10,1,22
BRDA:44,11,0,23
BRDA:44,11,1,2
BRDA:44,11,2,0
BRDA:44,11,3,0
BRDA:57,12,0,3
BRDA:57,12,1,22
BRDA:60,13,0,0
BRDA:60,13,1,25
BRF:23
BRH:10
end_of_record
TN:
SF:src/index.tsx
FN:92,(anonymous_0)
FN:145,(anonymous_1)
FN:153,(anonymous_2)
FNF:3
FNH:3
FNDA:25,(anonymous_0)
FNDA:3,(anonymous_1)
FNDA:15,(anonymous_2)
DA:92,1
DA:118,25
DA:119,25
DA:120,25
DA:145,25
DA:152,25
DA:154,15
DA:155,15
DA:161,25
DA:162,0
DA:165,25
DA:166,25
DA:171,1
LF:13
LH:12
BRDA:95,0,0,12
BRDA:97,1,0,25
BRDA:103,2,0,23
BRDA:161,3,0,0
BRDA:161,3,1,25
BRDA:165,4,0,25
BRDA:165,4,1,0
BRDA:167,5,0,8
BRDA:167,5,1,17
BRF:9
BRH:7
end_of_record
TN:
SF:src/useCodeMirror.ts
FN:16,useCodeMirror
FN:57,(anonymous_1)
FN:63,(anonymous_2)
FN:88,(anonymous_3)
FN:109,(anonymous_4)
FN:117,(anonymous_5)
FN:124,(anonymous_6)
FN:124,(anonymous_7)
FN:133,(anonymous_8)
FN:139,(anonymous_9)
FN:162,(anonymous_10)
FNF:11
FNH:11
FNDA:25,useCodeMirror
FNDA:9,(anonymous_1)
FNDA:2,(anonymous_2)
FNDA:24,(anonymous_3)
FNDA:21,(anonymous_4)
FNDA:9,(anonymous_5)
FNDA:15,(anonymous_6)
FNDA:12,(anonymous_7)
FNDA:15,(anonymous_8)
FNDA:24,(anonymous_9)
FNDA:16,(anonymous_10)
DA:8,1
DA:14,1
DA:40,25
DA:41,25
DA:42,25
DA:43,25
DA:44,25
DA:57,25
DA:58,9
DA:63,2
DA:65,1
DA:66,1
DA:67,1
DA:69,9
DA:72,25
DA:81,25
DA:83,25
DA:84,3
DA:86,25
DA:88,25
DA:89,24
DA:90,6
DA:95,6
DA:98,6
DA:99,6
DA:100,6
DA:105,6
DA:106,6
DA:109,24
DA:110,21
DA:111,6
DA:112,6
DA:117,25
DA:118,9
DA:119,0
DA:123,25
DA:124,15
DA:125,12
DA:126,6
DA:127,6
DA:133,25
DA:134,15
DA:135,2
DA:139,25
DA:140,24
DA:141,7
DA:162,25
DA:163,16
DA:164,0
DA:166,16
DA:167,16
DA:168,1
DA:175,25
LF:53
LH:51
BRDA:24,0,0,0
BRDA:26,1,0,0
BRDA:27,2,0,25
BRDA:28,3,0,25
BRDA:29,4,0,25
BRDA:30,5,0,25
BRDA:31,6,0,25
BRDA:32,7,0,25
BRDA:33,8,0,22
BRDA:34,9,0,22
BRDA:35,10,0,25
BRDA:36,11,0,25
BRDA:37,12,0,25
BRDA:58,13,0,1
BRDA:58,13,1,8
BRDA:59,14,0,9
BRDA:59,14,1,2
BRDA:59,14,2,2
BRDA:69,15,0,9
BRDA:69,15,1,0
BRDA:83,16,0,3
BRDA:83,16,1,22
BRDA:83,17,0,25
BRDA:83,17,1,3
BRDA:89,18,0,6
BRDA:89,18,1,18
BRDA:89,19,0,24
BRDA:89,19,1,12
BRDA:95,20,0,0
BRDA:95,20,1,6
BRDA:99,21,0,6
BRDA:99,21,1,0
BRDA:106,22,0,6
BRDA:106,22,1,0
BRDA:110,23,0,6
BRDA:110,23,1,15
BRDA:118,24,0,0
BRDA:118,24,1,9
BRDA:125,25,0,6
BRDA:125,25,1,6
BRDA:134,26,0,2
BRDA:134,26,1,13
BRDA:134,27,0,15
BRDA:134,27,1,4
BRDA:140,28,0,7
BRDA:140,28,1,17
BRDA:163,29,0,0
BRDA:163,29,1,16
BRDA:166,30,0,7
BRDA:166,30,1,9
BRDA:167,31,0,1
BRDA:167,31,1,15
BRDA:167,32,0,16
BRDA:167,32,1,7
BRDA:169,33,0,1
BRDA:169,33,1,0
BRF:56
BRH:47
end_of_record
TN:
SF:src/utils.ts
FN:34,(anonymous_0)
FN:46,(anonymous_1)
FN:47,(anonymous_2)
FNF:3
FNH:0
FNDA:0,(anonymous_0)
FNDA:0,(anonymous_1)
FNDA:0,(anonymous_2)
DA:34,1
DA:35,0
DA:46,0
DA:47,0
LF:4
LH:1
BRF:0
BRH:0
end_of_record
TN:
SF:src/theme/light.ts
FNF:0
FNH:0
DA:3,1
LF:1
LH:1
BRF:0
BRH:0
end_of_record
