TN:
SF:src/getDefaultExtensions.ts
FN:21,(anonymous_0)
FNF:1
FNH:1
FNDA:25,(anonymous_0)
DA:21,1
DA:29,25
DA:30,25
DA:31,25
DA:32,25
DA:34,25
DA:35,25
DA:36,25
DA:38,0
DA:41,25
DA:42,3
DA:44,25
DA:46,23
DA:47,23
DA:49,2
DA:50,2
DA:52,0
DA:54,0
DA:55,0
DA:57,25
DA:58,3
DA:60,25
DA:61,0
DA:64,25
LF:24
LH:19
BRDA:21,0,0,0
BRDA:23,1,0,0
BRDA:24,2,0,0
BRDA:25,3,0,0
BRDA:26,4,0,0
BRDA:27,5,0,0
BRDA:28,6,0,0
BRDA:31,7,0,25
BRDA:31,7,1,0
BRDA:34,8,0,25
BRDA:34,8,1,0
BRDA:35,9,0,25
BRDA:35,9,1,0
BRDA:41,10,0,3
BRDA:41,10,1,22
BRDA:44,11,0,23
BRDA:44,11,1,2
BRDA:44,11,2,0
BRDA:44,11,3,0
BRDA:57,12,0,3
BRDA:57,12,1,22
BRDA:60,13,0,0
BRDA:60,13,1,25
BRF:23
BRH:10
end_of_record
TN:
SF:src/index.tsx
FN:92,(anonymous_0)
FN:145,(anonymous_1)
FN:153,(anonymous_2)
FNF:3
FNH:3
FNDA:25,(anonymous_0)
FNDA:3,(anonymous_1)
FNDA:15,(anonymous_2)
DA:92,1
DA:118,25
DA:119,25
DA:120,25
DA:145,25
DA:152,25
DA:154,15
DA:155,15
DA:161,25
DA:162,0
DA:165,25
DA:166,25
DA:171,1
LF:13
LH:12
BRDA:95,0,0,12
BRDA:97,1,0,25
BRDA:103,2,0,23
BRDA:161,3,0,0
BRDA:161,3,1,25
BRDA:165,4,0,25
BRDA:165,4,1,0
BRDA:167,5,0,8
BRDA:167,5,1,17
BRF:9
BRH:7
end_of_record
TN:
SF:src/timeoutLatch.ts
FN:11,(anonymous_0)
FN:17,(anonymous_1)
FN:24,(anonymous_2)
FN:35,(anonymous_3)
FN:40,(anonymous_4)
FN:46,(anonymous_5)
FN:55,(anonymous_6)
FN:60,(anonymous_7)
FN:67,(anonymous_8)
FN:69,(anonymous_9)
FN:70,(anonymous_10)
FN:80,(anonymous_11)
FN:90,(anonymous_12)
FNF:13
FNH:5
FNDA:1,(anonymous_0)
FNDA:0,(anonymous_1)
FNDA:0,(anonymous_2)
FNDA:1,(anonymous_3)
FNDA:0,(anonymous_4)
FNDA:0,(anonymous_5)
FNDA:1,(anonymous_6)
FNDA:0,(anonymous_7)
FNDA:1,(anonymous_8)
FNDA:0,(anonymous_9)
FNDA:0,(anonymous_10)
FNDA:0,(anonymous_11)
FNDA:1,(anonymous_12)
DA:7,1
DA:8,1
DA:9,1
DA:12,1
DA:13,1
DA:14,1
DA:18,0
DA:19,0
DA:20,0
DA:21,0
DA:22,0
DA:23,0
DA:24,0
DA:25,0
DA:26,0
DA:28,0
DA:36,1
DA:37,1
DA:41,0
DA:42,0
DA:43,0
DA:47,0
DA:52,1
DA:53,1
DA:56,1
DA:57,1
DA:61,0
DA:62,0
DA:63,0
DA:68,1
DA:69,1
DA:70,0
DA:71,0
DA:72,0
DA:73,0
DA:81,0
DA:82,0
DA:83,0
DA:88,1
DA:90,1
DA:91,1
DA:92,0
DA:94,1
DA:95,1
DA:97,1
LF:45
LH:20
BRDA:18,0,0,0
BRDA:18,0,1,0
BRDA:18,1,0,0
BRDA:18,1,1,0
BRDA:20,2,0,0
BRDA:20,2,1,0
BRDA:47,3,0,0
BRDA:47,3,1,0
BRDA:62,4,0,0
BRDA:62,4,1,0
BRDA:68,5,0,1
BRDA:68,5,1,0
BRDA:72,6,0,0
BRDA:72,6,1,0
BRDA:81,7,0,0
BRDA:81,7,1,0
BRDA:91,8,0,0
BRDA:91,8,1,1
BRDA:94,9,0,1
BRDA:94,9,1,0
BRF:20
BRH:3
end_of_record
TN:
SF:src/useCodeMirror.ts
FN:18,useCodeMirror
FN:46,(anonymous_1)
FN:47,(anonymous_2)
FN:61,(anonymous_3)
FN:67,(anonymous_4)
FN:72,(anonymous_5)
FN:106,(anonymous_6)
FN:127,(anonymous_7)
FN:135,(anonymous_8)
FN:142,(anonymous_9)
FN:142,(anonymous_10)
FN:155,(anonymous_11)
FN:161,(anonymous_12)
FN:184,(anonymous_13)
FN:192,(anonymous_14)
FNF:15
FNH:14
FNDA:25,useCodeMirror
FNDA:9,(anonymous_1)
FNDA:9,(anonymous_2)
FNDA:9,(anonymous_3)
FNDA:2,(anonymous_4)
FNDA:0,(anonymous_5)
FNDA:24,(anonymous_6)
FNDA:21,(anonymous_7)
FNDA:9,(anonymous_8)
FNDA:15,(anonymous_9)
FNDA:12,(anonymous_10)
FNDA:15,(anonymous_11)
FNDA:24,(anonymous_12)
FNDA:16,(anonymous_13)
FNDA:1,(anonymous_14)
DA:9,1
DA:10,1
DA:16,1
DA:42,25
DA:43,25
DA:44,25
DA:45,25
DA:46,25
DA:47,25
DA:48,25
DA:61,25
DA:62,9
DA:67,2
DA:69,1
DA:70,0
DA:72,1
DA:73,0
DA:74,0
DA:75,0
DA:76,0
DA:78,0
DA:80,1
DA:83,1
DA:84,1
DA:85,1
DA:87,9
DA:90,25
DA:99,25
DA:101,25
DA:102,3
DA:104,25
DA:106,25
DA:107,24
DA:108,6
DA:113,6
DA:116,6
DA:117,6
DA:118,6
DA:123,6
DA:124,6
DA:127,24
DA:128,21
DA:129,6
DA:130,6
DA:135,25
DA:136,9
DA:137,0
DA:141,25
DA:142,15
DA:143,12
DA:144,6
DA:145,6
DA:147,12
DA:148,1
DA:149,1
DA:155,25
DA:156,15
DA:157,2
DA:161,25
DA:162,24
DA:163,7
DA:184,25
DA:185,16
DA:186,0
DA:188,16
DA:189,16
DA:190,1
DA:192,1
DA:193,1
DA:194,1
DA:201,1
DA:202,1
DA:204,0
DA:209,25
LF:74
LH:65
BRDA:26,0,0,0
BRDA:28,1,0,0
BRDA:29,2,0,25
BRDA:30,3,0,25
BRDA:31,4,0,25
BRDA:32,5,0,25
BRDA:33,6,0,25
BRDA:34,7,0,25
BRDA:35,8,0,22
BRDA:36,9,0,22
BRDA:37,10,0,25
BRDA:38,11,0,25
BRDA:39,12,0,25
BRDA:62,13,0,1
BRDA:62,13,1,8
BRDA:63,14,0,9
BRDA:63,14,1,2
BRDA:63,14,2,2
BRDA:69,15,0,0
BRDA:69,15,1,1
BRDA:73,16,0,0
BRDA:73,16,1,0
BRDA:87,17,0,9
BRDA:87,17,1,0
BRDA:101,18,0,3
BRDA:101,18,1,22
BRDA:101,19,0,25
BRDA:101,19,1,3
BRDA:107,20,0,6
BRDA:107,20,1,18
BRDA:107,21,0,24
BRDA:107,21,1,12
BRDA:113,22,0,0
BRDA:113,22,1,6
BRDA:117,23,0,6
BRDA:117,23,1,0
BRDA:124,24,0,6
BRDA:124,24,1,0
BRDA:128,25,0,6
BRDA:128,25,1,15
BRDA:136,26,0,0
BRDA:136,26,1,9
BRDA:143,27,0,6
BRDA:143,27,1,6
BRDA:147,28,0,1
BRDA:147,28,1,11
BRDA:156,29,0,2
BRDA:156,29,1,13
BRDA:156,30,0,15
BRDA:156,30,1,4
BRDA:162,31,0,7
BRDA:162,31,1,17
BRDA:185,32,0,0
BRDA:185,32,1,16
BRDA:188,33,0,7
BRDA:188,33,1,9
BRDA:189,34,0,1
BRDA:189,34,1,15
BRDA:189,35,0,16
BRDA:189,35,1,7
BRDA:190,36,0,1
BRDA:190,36,1,0
BRDA:193,37,0,1
BRDA:193,37,1,0
BRDA:193,38,0,1
BRDA:193,38,1,1
BRDA:195,39,0,1
BRDA:195,39,1,0
BRDA:201,40,0,1
BRDA:201,40,1,0
BRF:70
BRH:55
end_of_record
TN:
SF:src/utils.ts
FN:34,(anonymous_0)
FN:46,(anonymous_1)
FN:47,(anonymous_2)
FNF:3
FNH:0
FNDA:0,(anonymous_0)
FNDA:0,(anonymous_1)
FNDA:0,(anonymous_2)
DA:34,1
DA:35,0
DA:46,0
DA:47,0
LF:4
LH:1
BRF:0
BRH:0
end_of_record
TN:
SF:src/theme/light.ts
FNF:0
FNH:0
DA:3,1
LF:1
LH:1
BRF:0
BRH:0
end_of_record
